[2025-10-28 15:27:49] production.INFO: nay1  
[2025-10-28 15:27:52] production.INFO: nay1  
[2025-10-28 15:28:06] production.INFO: nay1  
[2025-10-28 15:29:08] production.INFO: nay1  
[2025-10-28 15:29:15] production.INFO: nay1  
[2025-10-28 15:35:39] production.INFO: nay1  
[2025-10-28 15:35:42] production.INFO: nay1  
[2025-10-28 15:35:44] production.INFO: nay1  
[2025-10-28 15:35:45] production.INFO: nay1  
[2025-10-28 15:38:00] production.INFO: nay1  
[2025-10-28 15:38:04] production.INFO: nay1  
[2025-10-28 15:38:07] production.INFO: nay1  
[2025-10-28 15:38:12] production.INFO: nay1  
[2025-10-28 15:38:13] production.INFO: nay1  
[2025-10-28 15:38:51] production.INFO: nay1  
[2025-10-28 15:43:09] production.INFO: in routes  
[2025-10-28 15:43:09] production.INFO: nay1  
[2025-10-28 15:43:12] production.INFO: in routes  
[2025-10-28 15:43:12] production.INFO: nay1  
[2025-10-28 15:43:16] production.INFO: in routes  
[2025-10-28 15:43:16] production.INFO: nay1  
[2025-10-28 15:49:03] production.INFO: in routes  
[2025-10-28 15:49:03] production.INFO: nay1  
[2025-10-28 15:49:08] production.INFO: in routes  
[2025-10-28 15:49:08] production.INFO: nay1  
[2025-10-28 15:49:09] production.INFO: in routes  
[2025-10-28 15:49:09] production.INFO: nay1  
[2025-10-28 15:58:57] production.INFO: in routes  
[2025-10-28 15:58:59] production.INFO: in routes  
[2025-10-28 15:58:59] production.INFO: nay1  
[2025-10-28 15:59:14] production.INFO: in routes  
[2025-10-28 15:59:14] production.INFO: nay1  
[2025-10-28 16:00:30] production.INFO: in routes  
[2025-10-28 16:00:30] production.INFO: nay1  
[2025-10-28 16:00:39] production.INFO: in routes  
[2025-10-28 16:00:39] production.INFO: nay1  
[2025-10-28 16:10:59] production.INFO: in routes  
[2025-10-28 16:15:33] production.INFO: in routes  
[2025-10-28 16:15:35] production.INFO: in routes  
[2025-10-28 16:15:35] production.INFO: nay1  
[2025-10-28 16:15:37] production.INFO: in routes  
[2025-10-28 16:15:37] production.INFO: nay1  
[2025-10-28 16:15:38] production.INFO: in routes  
[2025-10-28 16:15:38] production.INFO: nay1  
[2025-10-28 16:15:39] production.INFO: in routes  
[2025-10-28 16:15:39] production.INFO: nay1  
[2025-10-28 16:15:44] production.INFO: in routes  
[2025-10-28 16:15:44] production.INFO: nay1  
[2025-10-28 16:19:58] production.INFO: nay1  
[2025-10-28 16:20:03] production.INFO: nay1  
[2025-10-28 16:26:10] production.INFO: nay1  
[2025-10-28 16:26:12] production.INFO: nay1  
[2025-10-28 16:26:13] production.INFO: nay1  
[2025-10-28 16:26:24] production.INFO: nay1  
[2025-10-28 16:28:50] production.INFO: nay1  
[2025-10-28 16:51:31] production.INFO: nay1  
[2025-10-28 16:51:33] production.INFO: nay1  
[2025-10-28 16:51:35] production.INFO: nay1  
[2025-10-28 16:56:39] production.INFO: nay1  
[2025-10-28 16:56:41] production.INFO: nay1  
[2025-10-28 16:56:43] production.INFO: nay1  
[2025-10-28 16:59:12] production.INFO: nay1  
[2025-10-28 16:59:14] production.INFO: nay2  
[2025-10-28 16:59:14] production.INFO: nay3  
[2025-10-28 16:59:14] production.INFO: nay4  
[2025-10-28 17:02:34] production.INFO: nay1  
[2025-10-28 17:09:14] production.INFO: nay1  
[2025-10-28 17:09:26] production.INFO: nay2  
[2025-10-28 17:09:26] production.INFO: nay3  
[2025-10-28 17:09:26] production.INFO: nay4  
[2025-10-28 17:11:50] production.INFO: nay1  
[2025-10-28 17:11:53] production.INFO: nay2  
[2025-10-28 17:11:53] production.INFO: nay3  
[2025-10-28 17:11:53] production.INFO: nay4  
[2025-10-28 17:12:30] production.INFO: nay1  
[2025-10-28 17:24:06] production.INFO: nay1  
[2025-10-28 17:24:37] production.INFO: nay2  
[2025-10-28 17:24:37] production.INFO: nay3  
[2025-10-28 17:24:37] production.INFO: nay4  
[2025-10-28 17:46:12] production.INFO: nay1  
[2025-10-28 17:46:21] production.INFO: nay2  
[2025-10-28 17:46:21] production.INFO: nay3  
[2025-10-28 17:46:22] production.INFO: nay4  
[2025-10-28 18:31:41] production.INFO: nay1  
[2025-10-28 18:33:11] production.INFO: nay2  
[2025-10-28 18:33:11] production.INFO: nay3  
[2025-10-28 18:33:11] production.INFO: nay4  
[2025-10-29 09:57:57] production.INFO: nay1  
[2025-10-29 09:57:59] production.INFO: nay2  
[2025-10-29 09:57:59] production.INFO: nay3  
[2025-10-29 09:57:59] production.INFO: nay4  
[2025-10-29 10:00:56] production.INFO: nay1  
[2025-10-29 10:01:02] production.INFO: nay2  
[2025-10-29 10:01:02] production.INFO: nay3  
[2025-10-29 10:01:02] production.INFO: nay4  
[2025-10-29 10:01:22] production.INFO: nay1  
[2025-10-29 10:01:28] production.INFO: nay2  
[2025-10-29 10:01:28] production.INFO: nay3  
[2025-10-29 10:01:28] production.INFO: nay4  
[2025-10-29 10:56:47] production.INFO: nay1  
[2025-10-29 10:57:11] production.INFO: nay2  
[2025-10-29 10:57:11] production.INFO: nay3  
[2025-10-29 10:57:11] production.INFO: nay4  
[2025-11-02 14:35:55] production.NOTICE: Error updating game: SQLSTATE[23000]: Integrity constraint violation: 1062 Duplicate entry 'Trumpton' for key 'games_name_unique' (SQL: insert into `games` (`name`, `protagonist_id`, `opponent_id`, `updated_at`, `created_at`) values (Trumpton, 2, 7, 2025-11-02 14:35:55, 2025-11-02 14:35:55)) at /home/eqt4vbh4chkj/public_html/powerhouse.industries/vendor/laravel/framework/src/Illuminate/Database/Connection.php, 666  
[2025-11-04 08:50:08] production.NOTICE: Error updating game: SQLSTATE[23000]: Integrity constraint violation: 1062 Duplicate entry 'Trumpton' for key 'games_name_unique' (SQL: insert into `games` (`name`, `protagonist_id`, `opponent_id`, `updated_at`, `created_at`) values (Trumpton, 2, 3, 2025-11-04 08:50:08, 2025-11-04 08:50:08)) at /home/eqt4vbh4chkj/public_html/powerhouse.industries/vendor/laravel/framework/src/Illuminate/Database/Connection.php, 666  
[2025-11-10 07:33:41] production.INFO: Error in getLatestOpponentMove(): API authentication not provided  
[2025-11-10 07:33:46] production.INFO: Error in getLatestOpponentMove(): API authentication not provided  
[2025-11-10 07:33:49] production.INFO: Error in getLatestOpponentMove(): API authentication not provided  
[2025-11-11 10:08:17] production.NOTICE: Error getting game for edit: Trying to get property 'player_id' of non-object at /home/eqt4vbh4chkj/public_html/powerhouse.industries/app/Http/Controllers/GamesController.php, 313  
[2025-11-11 10:08:17] production.ERROR: ErrorException: compact(): Undefined variable: myMoves in /home/eqt4vbh4chkj/public_html/powerhouse.industries/app/Http/Controllers/GamesController.php:331
Stack trace:
#0 [internal function]: Illuminate\Foundation\Bootstrap\HandleExceptions->handleError(8, 'compact(): Unde...', '/home/eqt4vbh4c...', 331, Array)
#1 /home/eqt4vbh4chkj/public_html/powerhouse.industries/app/Http/Controllers/GamesController.php(331): compact('loggedIn', 'game', 'currentUserIsPr...', 'myFleet', 'theirFleet', 'myUser', 'theirUser', 'myGo', 'myMoves', 'theirMoves', 'errors', 'msgs')
#2 [internal function]: App\Http\Controllers\GamesController->playGrid(Object(Illuminate\Http\Request))
#3 /home/eqt4vbh4chkj/public_html/powerhouse.industries/vendor/laravel/framework/src/Illuminate/Routing/Controller.php(256): call_user_func_array(Array, Array)
#4 /home/eqt4vbh4chkj/public_html/powerhouse.industries/vendor/laravel/framework/src/Illuminate/Routing/ControllerDispatcher.php(164): Illuminate\Routing\Controller->callAction('playGrid', Array)
#5 /home/eqt4vbh4chkj/public_html/powerhouse.industries/vendor/laravel/framework/src/Illuminate/Routing/ControllerDispatcher.php(112): Illuminate\Routing\ControllerDispatcher->call(Object(App\Http\Controllers\GamesController), Object(Illuminate\Routing\Route), 'playGrid')
#6 [internal function]: Illuminate\Routing\ControllerDispatcher->Illuminate\Routing\{closure}(Object(Illuminate\Http\Request))
#7 /home/eqt4vbh4chkj/public_html/powerhouse.industries/vendor/laravel/framework/src/Illuminate/Pipeline/Pipeline.php(139): call_user_func(Object(Closure), Object(Illuminate\Http\Request))
#8 [internal function]: Illuminate\Pipeline\Pipeline->Illuminate\Pipeline\{closure}(Object(Illuminate\Http\Request))
#9 /home/eqt4vbh4chkj/public_html/powerhouse.industries/vendor/laravel/framework/src/Illuminate/Pipeline/Pipeline.php(102): call_user_func(Object(Closure), Object(Illuminate\Http\Request))
#10 /home/eqt4vbh4chkj/public_html/powerhouse.industries/vendor/laravel/framework/src/Illuminate/Routing/ControllerDispatcher.php(114): Illuminate\Pipeline\Pipeline->then(Object(Closure))
#11 /home/eqt4vbh4chkj/public_html/powerhouse.industries/vendor/laravel/framework/src/Illuminate/Routing/ControllerDispatcher.php(68): Illuminate\Routing\ControllerDispatcher->callWithinStack(Object(App\Http\Controllers\GamesController), Object(Illuminate\Routing\Route), Object(Illuminate\Http\Request), 'playGrid')
#12 /home/eqt4vbh4chkj/public_html/powerhouse.industries/vendor/laravel/framework/src/Illuminate/Routing/Route.php(203): Illuminate\Routing\ControllerDispatcher->dispatch(Object(Illuminate\Routing\Route), Object(Illuminate\Http\Request), 'App\\Http\\Contro...', 'playGrid')
#13 /home/eqt4vbh4chkj/public_html/powerhouse.industries/vendor/laravel/framework/src/Illuminate/Routing/Route.php(134): Illuminate\Routing\Route->runWithCustomDispatcher(Object(Illuminate\Http\Request))
#14 /home/eqt4vbh4chkj/public_html/powerhouse.industries/vendor/laravel/framework/src/Illuminate/Routing/Router.php(708): Illuminate\Routing\Route->run(Object(Illuminate\Http\Request))
#15 [internal function]: Illuminate\Routing\Router->Illuminate\Routing\{closure}(Object(Illuminate\Http\Request))
#16 /home/eqt4vbh4chkj/public_html/powerhouse.industries/vendor/laravel/framework/src/Illuminate/Pipeline/Pipeline.php(139): call_user_func(Object(Closure), Object(Illuminate\Http\Request))
#17 [internal function]: Illuminate\Pipeline\Pipeline->Illuminate\Pipeline\{closure}(Object(Illuminate\Http\Request))
#18 /home/eqt4vbh4chkj/public_html/powerhouse.industries/vendor/laravel/framework/src/Illuminate/Pipeline/Pipeline.php(102): call_user_func(Object(Closure), Object(Illuminate\Http\Request))
#19 /home/eqt4vbh4chkj/public_html/powerhouse.industries/vendor/laravel/framework/src/Illuminate/Routing/Router.php(710): Illuminate\Pipeline\Pipeline->then(Object(Closure))
#20 /home/eqt4vbh4chkj/public_html/powerhouse.industries/vendor/laravel/framework/src/Illuminate/Routing/Router.php(674): Illuminate\Routing\Router->runRouteWithinStack(Object(Illuminate\Routing\Route), Object(Illuminate\Http\Request))
#21 /home/eqt4vbh4chkj/public_html/powerhouse.industries/vendor/laravel/framework/src/Illuminate/Routing/Router.php(635): Illuminate\Routing\Router->dispatchToRoute(Object(Illuminate\Http\Request))
#22 /home/eqt4vbh4chkj/public_html/powerhouse.industries/vendor/laravel/framework/src/Illuminate/Foundation/Http/Kernel.php(236): Illuminate\Routing\Router->dispatch(Object(Illuminate\Http\Request))
#23 [internal function]: Illuminate\Foundation\Http\Kernel->Illuminate\Foundation\Http\{closure}(Object(Illuminate\Http\Request))
#24 /home/eqt4vbh4chkj/public_html/powerhouse.industries/vendor/laravel/framework/src/Illuminate/Pipeline/Pipeline.php(139): call_user_func(Object(Closure), Object(Illuminate\Http\Request))
#25 /home/eqt4vbh4chkj/public_html/powerhouse.industries/app/Http/Middleware/VerifyCsrfToken.php(28): Illuminate\Pipeline\Pipeline->Illuminate\Pipeline\{closure}(Object(Illuminate\Http\Request))
#26 [internal function]: App\Http\Middleware\VerifyCsrfToken->handle(Object(Illuminate\Http\Request), Object(Closure))
#27 /home/eqt4vbh4chkj/public_html/powerhouse.industries/vendor/laravel/framework/src/Illuminate/Pipeline/Pipeline.php(124): call_user_func_array(Array, Array)
#28 /home/eqt4vbh4chkj/public_html/powerhouse.industries/vendor/laravel/framework/src/Illuminate/View/Middleware/ShareErrorsFromSession.php(49): Illuminate\Pipeline\Pipeline->Illuminate\Pipeline\{closure}(Object(Illuminate\Http\Request))
#29 [internal function]: Illuminate\View\Middleware\ShareErrorsFromSession->handle(Object(Illuminate\Http\Request), Object(Closure))
#30 /home/eqt4vbh4chkj/public_html/powerhouse.industries/vendor/laravel/framework/src/Illuminate/Pipeline/Pipeline.php(124): call_user_func_array(Array, Array)
#31 /home/eqt4vbh4chkj/public_html/powerhouse.industries/vendor/laravel/framework/src/Illuminate/Cookie/Middleware/AddQueuedCookiesToResponse.php(37): Illuminate\Pipeline\Pipeline->Illuminate\Pipeline\{closure}(Object(Illuminate\Http\Request))
#32 [internal function]: Illuminate\Cookie\Middleware\AddQueuedCookiesToResponse->handle(Object(Illuminate\Http\Request), Object(Closure))
#33 /home/eqt4vbh4chkj/public_html/powerhouse.industries/vendor/laravel/framework/src/Illuminate/Pipeline/Pipeline.php(124): call_user_func_array(Array, Array)
#34 /home/eqt4vbh4chkj/public_html/powerhouse.industries/vendor/laravel/framework/src/Illuminate/Cookie/Middleware/EncryptCookies.php(59): Illuminate\Pipeline\Pipeline->Illuminate\Pipeline\{closure}(Object(Illuminate\Http\Request))
#35 [internal function]: Illuminate\Cookie\Middleware\EncryptCookies->handle(Object(Illuminate\Http\Request), Object(Closure))
#36 /home/eqt4vbh4chkj/public_html/powerhouse.industries/vendor/laravel/framework/src/Illuminate/Pipeline/Pipeline.php(124): call_user_func_array(Array, Array)
#37 /home/eqt4vbh4chkj/public_html/powerhouse.industries/vendor/laravel/framework/src/Illuminate/Foundation/Http/Middleware/CheckForMaintenanceMode.php(44): Illuminate\Pipeline\Pipeline->Illuminate\Pipeline\{closure}(Object(Illuminate\Http\Request))
#38 [internal function]: Illuminate\Foundation\Http\Middleware\CheckForMaintenanceMode->handle(Object(Illuminate\Http\Request), Object(Closure))
#39 /home/eqt4vbh4chkj/public_html/powerhouse.industries/vendor/laravel/framework/src/Illuminate/Pipeline/Pipeline.php(124): call_user_func_array(Array, Array)
#40 /home/eqt4vbh4chkj/public_html/powerhouse.industries/vendor/laravel/framework/src/Illuminate/Session/Middleware/StartSession.php(62): Illuminate\Pipeline\Pipeline->Illuminate\Pipeline\{closure}(Object(Illuminate\Http\Request))
#41 [internal function]: Illuminate\Session\Middleware\StartSession->handle(Object(Illuminate\Http\Request), Object(Closure))
#42 /home/eqt4vbh4chkj/public_html/powerhouse.industries/vendor/laravel/framework/src/Illuminate/Pipeline/Pipeline.php(124): call_user_func_array(Array, Array)
#43 [internal function]: Illuminate\Pipeline\Pipeline->Illuminate\Pipeline\{closure}(Object(Illuminate\Http\Request))
#44 /home/eqt4vbh4chkj/public_html/powerhouse.industries/vendor/laravel/framework/src/Illuminate/Pipeline/Pipeline.php(102): call_user_func(Object(Closure), Object(Illuminate\Http\Request))
#45 /home/eqt4vbh4chkj/public_html/powerhouse.industries/vendor/laravel/framework/src/Illuminate/Foundation/Http/Kernel.php(122): Illuminate\Pipeline\Pipeline->then(Object(Closure))
#46 /home/eqt4vbh4chkj/public_html/powerhouse.industries/vendor/laravel/framework/src/Illuminate/Foundation/Http/Kernel.php(87): Illuminate\Foundation\Http\Kernel->sendRequestThroughRouter(Object(Illuminate\Http\Request))
#47 /home/eqt4vbh4chkj/public_html/powerhouse.industries/public/index.php(58): Illuminate\Foundation\Http\Kernel->handle(Object(Illuminate\Http\Request))
#48 {main}  
[2025-11-11 10:11:04] production.NOTICE: Error getting game for edit: Trying to get property 'player_id' of non-object at /home/eqt4vbh4chkj/public_html/powerhouse.industries/app/Http/Controllers/GamesController.php, 313  
[2025-11-11 10:11:04] production.ERROR: ErrorException: compact(): Undefined variable: myMoves in /home/eqt4vbh4chkj/public_html/powerhouse.industries/app/Http/Controllers/GamesController.php:331
Stack trace:
#0 [internal function]: Illuminate\Foundation\Bootstrap\HandleExceptions->handleError(8, 'compact(): Unde...', '/home/eqt4vbh4c...', 331, Array)
#1 /home/eqt4vbh4chkj/public_html/powerhouse.industries/app/Http/Controllers/GamesController.php(331): compact('loggedIn', 'game', 'currentUserIsPr...', 'myFleet', 'theirFleet', 'myUser', 'theirUser', 'myGo', 'myMoves', 'theirMoves', 'errors', 'msgs')
#2 [internal function]: App\Http\Controllers\GamesController->playGrid(Object(Illuminate\Http\Request))
#3 /home/eqt4vbh4chkj/public_html/powerhouse.industries/vendor/laravel/framework/src/Illuminate/Routing/Controller.php(256): call_user_func_array(Array, Array)
#4 /home/eqt4vbh4chkj/public_html/powerhouse.industries/vendor/laravel/framework/src/Illuminate/Routing/ControllerDispatcher.php(164): Illuminate\Routing\Controller->callAction('playGrid', Array)
#5 /home/eqt4vbh4chkj/public_html/powerhouse.industries/vendor/laravel/framework/src/Illuminate/Routing/ControllerDispatcher.php(112): Illuminate\Routing\ControllerDispatcher->call(Object(App\Http\Controllers\GamesController), Object(Illuminate\Routing\Route), 'playGrid')
#6 [internal function]: Illuminate\Routing\ControllerDispatcher->Illuminate\Routing\{closure}(Object(Illuminate\Http\Request))
#7 /home/eqt4vbh4chkj/public_html/powerhouse.industries/vendor/laravel/framework/src/Illuminate/Pipeline/Pipeline.php(139): call_user_func(Object(Closure), Object(Illuminate\Http\Request))
#8 [internal function]: Illuminate\Pipeline\Pipeline->Illuminate\Pipeline\{closure}(Object(Illuminate\Http\Request))
#9 /home/eqt4vbh4chkj/public_html/powerhouse.industries/vendor/laravel/framework/src/Illuminate/Pipeline/Pipeline.php(102): call_user_func(Object(Closure), Object(Illuminate\Http\Request))
#10 /home/eqt4vbh4chkj/public_html/powerhouse.industries/vendor/laravel/framework/src/Illuminate/Routing/ControllerDispatcher.php(114): Illuminate\Pipeline\Pipeline->then(Object(Closure))
#11 /home/eqt4vbh4chkj/public_html/powerhouse.industries/vendor/laravel/framework/src/Illuminate/Routing/ControllerDispatcher.php(68): Illuminate\Routing\ControllerDispatcher->callWithinStack(Object(App\Http\Controllers\GamesController), Object(Illuminate\Routing\Route), Object(Illuminate\Http\Request), 'playGrid')
#12 /home/eqt4vbh4chkj/public_html/powerhouse.industries/vendor/laravel/framework/src/Illuminate/Routing/Route.php(203): Illuminate\Routing\ControllerDispatcher->dispatch(Object(Illuminate\Routing\Route), Object(Illuminate\Http\Request), 'App\\Http\\Contro...', 'playGrid')
#13 /home/eqt4vbh4chkj/public_html/powerhouse.industries/vendor/laravel/framework/src/Illuminate/Routing/Route.php(134): Illuminate\Routing\Route->runWithCustomDispatcher(Object(Illuminate\Http\Request))
#14 /home/eqt4vbh4chkj/public_html/powerhouse.industries/vendor/laravel/framework/src/Illuminate/Routing/Router.php(708): Illuminate\Routing\Route->run(Object(Illuminate\Http\Request))
#15 [internal function]: Illuminate\Routing\Router->Illuminate\Routing\{closure}(Object(Illuminate\Http\Request))
#16 /home/eqt4vbh4chkj/public_html/powerhouse.industries/vendor/laravel/framework/src/Illuminate/Pipeline/Pipeline.php(139): call_user_func(Object(Closure), Object(Illuminate\Http\Request))
#17 [internal function]: Illuminate\Pipeline\Pipeline->Illuminate\Pipeline\{closure}(Object(Illuminate\Http\Request))
#18 /home/eqt4vbh4chkj/public_html/powerhouse.industries/vendor/laravel/framework/src/Illuminate/Pipeline/Pipeline.php(102): call_user_func(Object(Closure), Object(Illuminate\Http\Request))
#19 /home/eqt4vbh4chkj/public_html/powerhouse.industries/vendor/laravel/framework/src/Illuminate/Routing/Router.php(710): Illuminate\Pipeline\Pipeline->then(Object(Closure))
#20 /home/eqt4vbh4chkj/public_html/powerhouse.industries/vendor/laravel/framework/src/Illuminate/Routing/Router.php(674): Illuminate\Routing\Router->runRouteWithinStack(Object(Illuminate\Routing\Route), Object(Illuminate\Http\Request))
#21 /home/eqt4vbh4chkj/public_html/powerhouse.industries/vendor/laravel/framework/src/Illuminate/Routing/Router.php(635): Illuminate\Routing\Router->dispatchToRoute(Object(Illuminate\Http\Request))
#22 /home/eqt4vbh4chkj/public_html/powerhouse.industries/vendor/laravel/framework/src/Illuminate/Foundation/Http/Kernel.php(236): Illuminate\Routing\Router->dispatch(Object(Illuminate\Http\Request))
#23 [internal function]: Illuminate\Foundation\Http\Kernel->Illuminate\Foundation\Http\{closure}(Object(Illuminate\Http\Request))
#24 /home/eqt4vbh4chkj/public_html/powerhouse.industries/vendor/laravel/framework/src/Illuminate/Pipeline/Pipeline.php(139): call_user_func(Object(Closure), Object(Illuminate\Http\Request))
#25 /home/eqt4vbh4chkj/public_html/powerhouse.industries/app/Http/Middleware/VerifyCsrfToken.php(28): Illuminate\Pipeline\Pipeline->Illuminate\Pipeline\{closure}(Object(Illuminate\Http\Request))
#26 [internal function]: App\Http\Middleware\VerifyCsrfToken->handle(Object(Illuminate\Http\Request), Object(Closure))
#27 /home/eqt4vbh4chkj/public_html/powerhouse.industries/vendor/laravel/framework/src/Illuminate/Pipeline/Pipeline.php(124): call_user_func_array(Array, Array)
#28 /home/eqt4vbh4chkj/public_html/powerhouse.industries/vendor/laravel/framework/src/Illuminate/View/Middleware/ShareErrorsFromSession.php(49): Illuminate\Pipeline\Pipeline->Illuminate\Pipeline\{closure}(Object(Illuminate\Http\Request))
#29 [internal function]: Illuminate\View\Middleware\ShareErrorsFromSession->handle(Object(Illuminate\Http\Request), Object(Closure))
#30 /home/eqt4vbh4chkj/public_html/powerhouse.industries/vendor/laravel/framework/src/Illuminate/Pipeline/Pipeline.php(124): call_user_func_array(Array, Array)
#31 /home/eqt4vbh4chkj/public_html/powerhouse.industries/vendor/laravel/framework/src/Illuminate/Cookie/Middleware/AddQueuedCookiesToResponse.php(37): Illuminate\Pipeline\Pipeline->Illuminate\Pipeline\{closure}(Object(Illuminate\Http\Request))
#32 [internal function]: Illuminate\Cookie\Middleware\AddQueuedCookiesToResponse->handle(Object(Illuminate\Http\Request), Object(Closure))
#33 /home/eqt4vbh4chkj/public_html/powerhouse.industries/vendor/laravel/framework/src/Illuminate/Pipeline/Pipeline.php(124): call_user_func_array(Array, Array)
#34 /home/eqt4vbh4chkj/public_html/powerhouse.industries/vendor/laravel/framework/src/Illuminate/Cookie/Middleware/EncryptCookies.php(59): Illuminate\Pipeline\Pipeline->Illuminate\Pipeline\{closure}(Object(Illuminate\Http\Request))
#35 [internal function]: Illuminate\Cookie\Middleware\EncryptCookies->handle(Object(Illuminate\Http\Request), Object(Closure))
#36 /home/eqt4vbh4chkj/public_html/powerhouse.industries/vendor/laravel/framework/src/Illuminate/Pipeline/Pipeline.php(124): call_user_func_array(Array, Array)
#37 /home/eqt4vbh4chkj/public_html/powerhouse.industries/vendor/laravel/framework/src/Illuminate/Foundation/Http/Middleware/CheckForMaintenanceMode.php(44): Illuminate\Pipeline\Pipeline->Illuminate\Pipeline\{closure}(Object(Illuminate\Http\Request))
#38 [internal function]: Illuminate\Foundation\Http\Middleware\CheckForMaintenanceMode->handle(Object(Illuminate\Http\Request), Object(Closure))
#39 /home/eqt4vbh4chkj/public_html/powerhouse.industries/vendor/laravel/framework/src/Illuminate/Pipeline/Pipeline.php(124): call_user_func_array(Array, Array)
#40 /home/eqt4vbh4chkj/public_html/powerhouse.industries/vendor/laravel/framework/src/Illuminate/Session/Middleware/StartSession.php(62): Illuminate\Pipeline\Pipeline->Illuminate\Pipeline\{closure}(Object(Illuminate\Http\Request))
#41 [internal function]: Illuminate\Session\Middleware\StartSession->handle(Object(Illuminate\Http\Request), Object(Closure))
#42 /home/eqt4vbh4chkj/public_html/powerhouse.industries/vendor/laravel/framework/src/Illuminate/Pipeline/Pipeline.php(124): call_user_func_array(Array, Array)
#43 [internal function]: Illuminate\Pipeline\Pipeline->Illuminate\Pipeline\{closure}(Object(Illuminate\Http\Request))
#44 /home/eqt4vbh4chkj/public_html/powerhouse.industries/vendor/laravel/framework/src/Illuminate/Pipeline/Pipeline.php(102): call_user_func(Object(Closure), Object(Illuminate\Http\Request))
#45 /home/eqt4vbh4chkj/public_html/powerhouse.industries/vendor/laravel/framework/src/Illuminate/Foundation/Http/Kernel.php(122): Illuminate\Pipeline\Pipeline->then(Object(Closure))
#46 /home/eqt4vbh4chkj/public_html/powerhouse.industries/vendor/laravel/framework/src/Illuminate/Foundation/Http/Kernel.php(87): Illuminate\Foundation\Http\Kernel->sendRequestThroughRouter(Object(Illuminate\Http\Request))
#47 /home/eqt4vbh4chkj/public_html/powerhouse.industries/public/index.php(58): Illuminate\Foundation\Http\Kernel->handle(Object(Illuminate\Http\Request))
#48 {main}  
